<?xml version="1.0" encoding="UTF-8"?>
<coverage generated="1721258177467" clover="3.2.0">
  <project timestamp="1721258177467" name="All files">
    <metrics statements="30" coveredstatements="26" conditionals="7" coveredconditionals="6" methods="3" coveredmethods="3" elements="40" coveredelements="35" complexity="0" loc="30" ncloc="30" packages="1" files="1" classes="1"/>
    <file name="task.js" path="C:\Users\Penso\Desktop\metodo-tajs\modulo03-conceitos\aula04-faketimers\src\task.js">
      <metrics statements="30" coveredstatements="26" conditionals="7" coveredconditionals="6" methods="3" coveredmethods="3"/>
      <line num="1" count="1" type="cond" truecount="1" falsecount="0"/>
      <line num="2" count="1" type="stmt"/>
      <line num="3" count="1" type="stmt"/>
      <line num="4" count="1" type="stmt"/>
      <line num="5" count="1" type="cond" truecount="1" falsecount="0"/>
      <line num="6" count="2" type="stmt"/>
      <line num="7" count="2" type="stmt"/>
      <line num="8" count="2" type="stmt"/>
      <line num="9" count="2" type="stmt"/>
      <line num="10" count="2" type="stmt"/>
      <line num="11" count="1" type="stmt"/>
      <line num="12" count="1" type="cond" truecount="1" falsecount="0"/>
      <line num="13" count="1" type="cond" truecount="1" falsecount="0"/>
      <line num="14" count="50" type="stmt"/>
      <line num="15" count="50" type="stmt"/>
      <line num="16" count="50" type="cond" truecount="0" falsecount="1"/>
      <line num="17" count="0" type="stmt"/>
      <line num="18" count="0" type="stmt"/>
      <line num="19" count="0" type="stmt"/>
      <line num="20" count="0" type="stmt"/>
      <line num="21" count="50" type="stmt"/>
      <line num="22" count="50" type="cond" truecount="1" falsecount="0"/>
      <line num="23" count="75" type="cond" truecount="1" falsecount="0"/>
      <line num="24" count="2" type="stmt"/>
      <line num="25" count="2" type="stmt"/>
      <line num="26" count="2" type="stmt"/>
      <line num="27" count="75" type="stmt"/>
      <line num="28" count="1" type="stmt"/>
      <line num="29" count="1" type="stmt"/>
      <line num="30" count="1" type="stmt"/>
    </file>
  </project>
</coverage>
