TN:
SF:src\task.js
FN:1,<instance_members_initializer>
FN:5,save
FN:12,run
FNF:3
FNH:3
FNDA:1,<instance_members_initializer>
FNDA:2,save
FNDA:1,run
DA:1,1
DA:2,1
DA:3,1
DA:4,1
DA:5,1
DA:6,2
DA:7,2
DA:8,2
DA:9,2
DA:10,2
DA:11,1
DA:12,1
DA:13,1
DA:14,50
DA:15,50
DA:16,50
DA:17,0
DA:18,0
DA:19,0
DA:20,0
DA:21,50
DA:22,50
DA:23,75
DA:24,2
DA:25,2
DA:26,2
DA:27,75
DA:28,1
DA:29,1
DA:30,1
LF:30
LH:26
BRDA:1,0,0,1
BRDA:5,1,0,2
BRDA:12,2,0,1
BRDA:13,3,0,50
BRDA:16,4,0,0
BRDA:22,5,0,75
BRDA:23,6,0,2
BRF:7
BRH:6
end_of_record
