TN:
SF:src\api.js
FN:7,getUserCategory
FNF:1
FNH:1
FNDA:2,getUserCategory
DA:1,1
DA:2,1
DA:3,1
DA:4,1
DA:5,1
DA:6,1
DA:7,2
DA:8,2
DA:9,2
DA:10,1
DA:11,1
DA:12,2
DA:13,1
DA:14,1
DA:15,0
DA:16,0
DA:17,1
DA:18,1
DA:19,3
DA:20,3
DA:21,3
DA:22,2
DA:23,2
DA:24,2
DA:25,2
DA:26,2
DA:27,2
DA:28,2
DA:29,2
DA:30,2
DA:31,2
DA:32,2
DA:33,2
DA:34,2
DA:35,2
DA:36,1
DA:37,3
DA:38,1
DA:39,1
DA:40,1
DA:41,1
DA:42,1
DA:43,1
DA:44,0
DA:45,1
DA:46,1
DA:47,1
DA:48,1
DA:49,1
DA:50,3
DA:51,3
DA:52,1
DA:53,1
DA:54,1
DA:55,1
DA:56,1
DA:57,1
DA:58,1
DA:59,0
DA:60,0
DA:61,0
DA:62,0
DA:63,0
DA:64,1
DA:65,1
LF:65
LH:57
BRDA:7,0,0,2
BRDA:9,1,0,1
BRDA:12,2,0,1
BRDA:14,3,0,0
BRDA:18,4,0,3
BRDA:21,5,0,2
BRDA:21,6,0,2
BRDA:35,7,0,1
BRDA:37,8,0,1
BRDA:51,9,0,1
BRDA:58,10,0,0
BRDA:61,11,0,0
BRDA:40,12,0,1
BRDA:43,13,0,0
BRF:14
BRH:10
end_of_record
