<?xml version="1.0" encoding="UTF-8"?>
<coverage generated="1724864587587" clover="3.2.0">
  <project timestamp="1724864587587" name="All files">
    <metrics statements="76" coveredstatements="76" conditionals="12" coveredconditionals="11" methods="7" coveredmethods="7" elements="95" coveredelements="94" complexity="0" loc="76" ncloc="76" packages="1" files="1" classes="1"/>
    <file name="view.js" path="C:\Users\Penso\Desktop\metodo-tajs\modulo05-testes-frontend\aula02-e2e-test-frontend\public\src\view.js">
      <metrics statements="76" coveredstatements="76" conditionals="12" coveredconditionals="11" methods="7" coveredmethods="7"/>
      <line num="1" count="1" type="stmt"/>
      <line num="2" count="1" type="cond" truecount="1" falsecount="0"/>
      <line num="3" count="12" type="stmt"/>
      <line num="4" count="12" type="stmt"/>
      <line num="5" count="12" type="stmt"/>
      <line num="6" count="12" type="stmt"/>
      <line num="7" count="12" type="cond" truecount="1" falsecount="0"/>
      <line num="8" count="12" type="stmt"/>
      <line num="9" count="12" type="cond" truecount="1" falsecount="0"/>
      <line num="10" count="12" type="stmt"/>
      <line num="11" count="12" type="cond" truecount="1" falsecount="0"/>
      <line num="12" count="1" type="stmt"/>
      <line num="13" count="1" type="stmt"/>
      <line num="14" count="1" type="stmt"/>
      <line num="15" count="1" type="stmt"/>
      <line num="16" count="12" type="stmt"/>
      <line num="17" count="12" type="stmt"/>
      <line num="18" count="12" type="stmt"/>
      <line num="19" count="12" type="cond" truecount="1" falsecount="0"/>
      <line num="20" count="4" type="stmt"/>
      <line num="21" count="4" type="stmt"/>
      <line num="22" count="4" type="stmt"/>
      <line num="23" count="4" type="cond" truecount="1" falsecount="0"/>
      <line num="24" count="3" type="stmt"/>
      <line num="25" count="3" type="stmt"/>
      <line num="26" count="3" type="stmt"/>
      <line num="27" count="3" type="stmt"/>
      <line num="28" count="3" type="stmt"/>
      <line num="29" count="3" type="cond" truecount="1" falsecount="0"/>
      <line num="30" count="2" type="cond" truecount="1" falsecount="0"/>
      <line num="31" count="2" type="stmt"/>
      <line num="32" count="2" type="stmt"/>
      <line num="33" count="2" type="cond" truecount="1" falsecount="0"/>
      <line num="34" count="1" type="stmt"/>
      <line num="35" count="1" type="stmt"/>
      <line num="36" count="1" type="stmt"/>
      <line num="37" count="3" type="cond" truecount="0" falsecount="1"/>
      <line num="38" count="3" type="stmt"/>
      <line num="39" count="3" type="stmt"/>
      <line num="40" count="3" type="stmt"/>
      <line num="41" count="3" type="stmt"/>
      <line num="42" count="3" type="stmt"/>
      <line num="43" count="3" type="stmt"/>
      <line num="44" count="3" type="stmt"/>
      <line num="45" count="3" type="stmt"/>
      <line num="46" count="4" type="stmt"/>
      <line num="47" count="12" type="stmt"/>
      <line num="48" count="12" type="stmt"/>
      <line num="49" count="12" type="stmt"/>
      <line num="50" count="12" type="stmt"/>
      <line num="51" count="12" type="stmt"/>
      <line num="52" count="12" type="stmt"/>
      <line num="53" count="12" type="stmt"/>
      <line num="54" count="12" type="stmt"/>
      <line num="55" count="12" type="stmt"/>
      <line num="56" count="12" type="stmt"/>
      <line num="57" count="12" type="stmt"/>
      <line num="58" count="12" type="cond" truecount="1" falsecount="0"/>
      <line num="59" count="2" type="cond" truecount="1" falsecount="0"/>
      <line num="60" count="2" type="stmt"/>
      <line num="61" count="2" type="stmt"/>
      <line num="62" count="2" type="stmt"/>
      <line num="63" count="2" type="stmt"/>
      <line num="64" count="2" type="stmt"/>
      <line num="65" count="2" type="stmt"/>
      <line num="66" count="2" type="stmt"/>
      <line num="67" count="2" type="stmt"/>
      <line num="68" count="2" type="stmt"/>
      <line num="69" count="2" type="stmt"/>
      <line num="70" count="2" type="stmt"/>
      <line num="71" count="2" type="stmt"/>
      <line num="72" count="2" type="stmt"/>
      <line num="73" count="2" type="stmt"/>
      <line num="74" count="2" type="stmt"/>
      <line num="75" count="2" type="stmt"/>
      <line num="76" count="12" type="stmt"/>
    </file>
  </project>
</coverage>
