TN:
SF:public\src\view.js
FN:2,<instance_members_initializer>
FN:7,#submitFn
FN:9,View
FN:11,initialize
FN:19,#onSubmit
FN:49,configureOnSubmit
FN:59,updateList
FN:60,template
FNF:8
FNH:6
FNDA:3,<instance_members_initializer>
FNDA:0,#submitFn
FNDA:3,View
FNDA:1,initialize
FNDA:1,#onSubmit
FNDA:0,configureOnSubmit
FNDA:2,updateList
FNDA:2,template
DA:1,1
DA:2,1
DA:3,3
DA:4,3
DA:5,3
DA:6,3
DA:7,3
DA:8,3
DA:9,3
DA:10,3
DA:11,3
DA:12,1
DA:13,1
DA:14,1
DA:15,1
DA:16,3
DA:17,3
DA:18,3
DA:19,3
DA:20,1
DA:21,1
DA:22,1
DA:23,1
DA:24,0
DA:25,0
DA:26,0
DA:27,0
DA:28,0
DA:29,0
DA:30,0
DA:31,0
DA:32,0
DA:33,0
DA:34,0
DA:35,0
DA:36,0
DA:37,0
DA:38,0
DA:39,0
DA:40,0
DA:41,0
DA:42,0
DA:43,0
DA:44,0
DA:45,1
DA:46,3
DA:47,3
DA:48,3
DA:49,3
DA:50,0
DA:51,0
DA:52,3
DA:53,3
DA:54,3
DA:55,3
DA:56,3
DA:57,3
DA:58,3
DA:59,3
DA:60,2
DA:61,2
DA:62,2
DA:63,2
DA:64,2
DA:65,2
DA:66,2
DA:67,2
DA:68,2
DA:69,2
DA:70,2
DA:71,2
DA:72,2
DA:73,2
DA:74,2
DA:75,2
DA:76,2
DA:77,3
LF:77
LH:54
BRDA:2,0,0,3
BRDA:9,1,0,3
BRDA:11,2,0,1
BRDA:19,3,0,1
BRDA:59,4,0,2
BRDA:60,5,0,2
BRF:6
BRH:6
end_of_record
