TN:
SF:public\src\view.js
FN:2,<instance_members_initializer>
FN:7,#submitFn
FN:9,View
FN:11,initialize
FN:19,onSubmit
FN:58,updateList
FN:59,template
FNF:7
FNH:7
FNDA:12,<instance_members_initializer>
FNDA:1,#submitFn
FNDA:12,View
FNDA:1,initialize
FNDA:4,onSubmit
FNDA:2,updateList
FNDA:2,template
DA:1,1
DA:2,1
DA:3,12
DA:4,12
DA:5,12
DA:6,12
DA:7,12
DA:8,12
DA:9,12
DA:10,12
DA:11,12
DA:12,1
DA:13,1
DA:14,1
DA:15,1
DA:16,12
DA:17,12
DA:18,12
DA:19,12
DA:20,4
DA:21,4
DA:22,4
DA:23,4
DA:24,3
DA:25,3
DA:26,3
DA:27,3
DA:28,3
DA:29,3
DA:30,2
DA:31,2
DA:32,2
DA:33,2
DA:34,1
DA:35,1
DA:36,1
DA:37,3
DA:38,3
DA:39,3
DA:40,3
DA:41,3
DA:42,3
DA:43,3
DA:44,3
DA:45,3
DA:46,4
DA:47,12
DA:48,12
DA:49,12
DA:50,12
DA:51,12
DA:52,12
DA:53,12
DA:54,12
DA:55,12
DA:56,12
DA:57,12
DA:58,12
DA:59,2
DA:60,2
DA:61,2
DA:62,2
DA:63,2
DA:64,2
DA:65,2
DA:66,2
DA:67,2
DA:68,2
DA:69,2
DA:70,2
DA:71,2
DA:72,2
DA:73,2
DA:74,2
DA:75,2
DA:76,12
LF:76
LH:76
BRDA:2,0,0,12
BRDA:7,1,0,1
BRDA:9,2,0,12
BRDA:11,3,0,1
BRDA:19,4,0,4
BRDA:23,5,0,3
BRDA:29,6,0,2
BRDA:33,7,0,1
BRDA:37,8,0,0
BRDA:30,9,0,2
BRDA:58,10,0,2
BRDA:59,11,0,2
BRF:12
BRH:11
end_of_record
