TN:
SF:src\index.js
FNF:0
FNH:0
DA:1,1
DA:2,1
DA:3,1
DA:4,1
DA:5,1
DA:6,1
DA:7,1
DA:8,1
DA:9,1
DA:10,1
DA:11,1
DA:12,1
DA:13,1
DA:14,1
DA:15,1
DA:16,1
DA:17,1
DA:18,1
DA:19,1
DA:20,1
DA:21,1
DA:22,1
DA:23,1
LF:23
LH:23
BRDA:4,0,0,1
BRF:1
BRH:1
end_of_record
TN:
SF:src\person.js
FN:3,validate
FN:8,process
FN:15,save
FN:22,format
FNF:4
FNH:4
FNDA:4,validate
FNDA:4,process
FNDA:2,save
FNDA:2,format
DA:1,1
DA:2,1
DA:3,1
DA:4,4
DA:5,4
DA:6,4
DA:7,1
DA:8,1
DA:9,4
DA:10,4
DA:11,4
DA:12,4
DA:13,4
DA:14,1
DA:15,1
DA:16,2
DA:17,1
DA:18,1
DA:19,1
DA:20,1
DA:21,1
DA:22,1
DA:23,2
DA:24,2
DA:25,2
DA:26,2
DA:27,2
DA:28,2
DA:29,2
DA:30,2
DA:31,1
DA:32,1
DA:33,1
DA:34,1
LF:34
LH:34
BRDA:3,0,0,4
BRDA:4,1,0,1
BRDA:5,2,0,3
BRDA:5,3,0,1
BRDA:8,4,0,4
BRDA:15,5,0,2
BRDA:16,6,0,1
BRDA:16,7,0,6
BRDA:22,8,0,2
BRF:9
BRH:9
end_of_record
TN:
SF:src\server.js
FNF:0
FNH:0
DA:1,1
DA:2,1
DA:3,1
DA:4,1
DA:5,1
DA:6,6
DA:7,1
DA:8,1
DA:9,1
DA:10,1
DA:11,5
DA:12,5
DA:13,6
DA:14,4
DA:15,4
DA:16,4
DA:17,6
DA:18,3
DA:19,3
DA:20,3
DA:21,3
DA:22,3
DA:23,3
DA:24,3
DA:25,3
DA:26,3
DA:27,3
DA:28,0
DA:29,0
DA:30,0
DA:31,0
DA:32,0
DA:33,0
DA:34,6
DA:35,6
DA:36,1
DA:37,1
DA:38,1
DA:39,1
DA:40,1
DA:41,1
DA:42,1
DA:43,1
DA:44,1
DA:45,1
DA:46,1
DA:47,1
LF:47
LH:41
BRDA:5,0,0,6
BRDA:6,1,0,1
BRDA:10,2,0,5
BRDA:13,3,0,4
BRDA:17,4,0,3
BRDA:18,5,0,1
BRDA:27,6,0,0
BRF:7
BRH:6
end_of_record
