{"C:\\Users\\Penso\\Desktop\\metodo-tajs\\modulo03-conceitos\\aula05-code-coverage\\src\\mapPerson.js": {"path":"C:\\Users\\Penso\\Desktop\\metodo-tajs\\modulo03-conceitos\\aula05-code-coverage\\src\\mapPerson.js","all":false,"statementMap":{"0":{"start":{"line":1,"column":0},"end":{"line":1,"column":38}},"1":{"start":{"line":2,"column":0},"end":{"line":2,"column":0}},"2":{"start":{"line":3,"column":0},"end":{"line":3,"column":47}},"3":{"start":{"line":4,"column":0},"end":{"line":4,"column":0}},"4":{"start":{"line":5,"column":0},"end":{"line":5,"column":12}},"5":{"start":{"line":6,"column":0},"end":{"line":6,"column":13}},"6":{"start":{"line":7,"column":0},"end":{"line":7,"column":12}},"7":{"start":{"line":8,"column":0},"end":{"line":8,"column":29}},"8":{"start":{"line":9,"column":0},"end":{"line":9,"column":5}},"9":{"start":{"line":10,"column":0},"end":{"line":10,"column":0}},"10":{"start":{"line":11,"column":0},"end":{"line":11,"column":1}}},"s":{"0":1,"1":3,"2":3,"3":3,"4":3,"5":3,"6":3,"7":3,"8":3,"9":3,"10":3},"branchMap":{"0":{"type":"branch","line":1,"loc":{"start":{"line":1,"column":7},"end":{"line":11,"column":1}},"locations":[{"start":{"line":1,"column":7},"end":{"line":11,"column":1}}]}},"b":{"0":[3]},"fnMap":{"0":{"name":"mapPerson","decl":{"start":{"line":1,"column":7},"end":{"line":11,"column":1}},"loc":{"start":{"line":1,"column":7},"end":{"line":11,"column":1}},"line":1}},"f":{"0":3}}
,"C:\\Users\\Penso\\Desktop\\metodo-tajs\\modulo03-conceitos\\aula05-code-coverage\\src\\task.js": {"path":"C:\\Users\\Penso\\Desktop\\metodo-tajs\\modulo03-conceitos\\aula05-code-coverage\\src\\task.js","all":false,"statementMap":{"0":{"start":{"line":1,"column":0},"end":{"line":1,"column":27}},"1":{"start":{"line":2,"column":0},"end":{"line":2,"column":0}},"2":{"start":{"line":3,"column":0},"end":{"line":3,"column":22}},"3":{"start":{"line":4,"column":0},"end":{"line":4,"column":0}},"4":{"start":{"line":5,"column":0},"end":{"line":5,"column":31}},"5":{"start":{"line":6,"column":0},"end":{"line":6,"column":20}},"6":{"start":{"line":7,"column":0},"end":{"line":7,"column":83}},"7":{"start":{"line":8,"column":0},"end":{"line":8,"column":9}},"8":{"start":{"line":9,"column":0},"end":{"line":9,"column":44}},"9":{"start":{"line":10,"column":0},"end":{"line":10,"column":5}},"10":{"start":{"line":11,"column":0},"end":{"line":11,"column":0}},"11":{"start":{"line":12,"column":0},"end":{"line":12,"column":18}},"12":{"start":{"line":13,"column":0},"end":{"line":13,"column":46}},"13":{"start":{"line":14,"column":0},"end":{"line":14,"column":34}},"14":{"start":{"line":15,"column":0},"end":{"line":15,"column":0}},"15":{"start":{"line":16,"column":0},"end":{"line":16,"column":40}},"16":{"start":{"line":17,"column":0},"end":{"line":17,"column":46}},"17":{"start":{"line":18,"column":0},"end":{"line":18,"column":41}},"18":{"start":{"line":19,"column":0},"end":{"line":19,"column":23}},"19":{"start":{"line":20,"column":0},"end":{"line":20,"column":13}},"20":{"start":{"line":21,"column":0},"end":{"line":21,"column":0}},"21":{"start":{"line":22,"column":0},"end":{"line":22,"column":45}},"22":{"start":{"line":23,"column":0},"end":{"line":23,"column":40}},"23":{"start":{"line":24,"column":0},"end":{"line":24,"column":29}},"24":{"start":{"line":25,"column":0},"end":{"line":25,"column":44}},"25":{"start":{"line":26,"column":0},"end":{"line":26,"column":17}},"26":{"start":{"line":27,"column":0},"end":{"line":27,"column":13}},"27":{"start":{"line":28,"column":0},"end":{"line":28,"column":19}},"28":{"start":{"line":29,"column":0},"end":{"line":29,"column":5}},"29":{"start":{"line":30,"column":0},"end":{"line":30,"column":1}}},"s":{"0":1,"1":1,"2":1,"3":1,"4":1,"5":2,"6":2,"7":2,"8":2,"9":2,"10":1,"11":1,"12":1,"13":50,"14":50,"15":50,"16":0,"17":0,"18":0,"19":0,"20":50,"21":50,"22":75,"23":2,"24":2,"25":2,"26":75,"27":1,"28":1,"29":1},"branchMap":{"0":{"type":"branch","line":1,"loc":{"start":{"line":1,"column":15},"end":{"line":30,"column":1}},"locations":[{"start":{"line":1,"column":15},"end":{"line":30,"column":1}}]},"1":{"type":"branch","line":5,"loc":{"start":{"line":5,"column":4},"end":{"line":10,"column":5}},"locations":[{"start":{"line":5,"column":4},"end":{"line":10,"column":5}}]},"2":{"type":"branch","line":12,"loc":{"start":{"line":12,"column":4},"end":{"line":29,"column":5}},"locations":[{"start":{"line":12,"column":4},"end":{"line":29,"column":5}}]},"3":{"type":"branch","line":13,"loc":{"start":{"line":13,"column":39},"end":{"line":28,"column":9}},"locations":[{"start":{"line":13,"column":39},"end":{"line":28,"column":9}}]},"4":{"type":"branch","line":16,"loc":{"start":{"line":16,"column":39},"end":{"line":20,"column":13}},"locations":[{"start":{"line":16,"column":39},"end":{"line":20,"column":13}}]},"5":{"type":"branch","line":22,"loc":{"start":{"line":22,"column":44},"end":{"line":27,"column":13}},"locations":[{"start":{"line":22,"column":44},"end":{"line":27,"column":13}}]},"6":{"type":"branch","line":23,"loc":{"start":{"line":23,"column":39},"end":{"line":26,"column":17}},"locations":[{"start":{"line":23,"column":39},"end":{"line":26,"column":17}}]}},"b":{"0":[1],"1":[2],"2":[1],"3":[50],"4":[0],"5":[75],"6":[2]},"fnMap":{"0":{"name":"<instance_members_initializer>","decl":{"start":{"line":1,"column":15},"end":{"line":30,"column":1}},"loc":{"start":{"line":1,"column":15},"end":{"line":30,"column":1}},"line":1},"1":{"name":"save","decl":{"start":{"line":5,"column":4},"end":{"line":10,"column":5}},"loc":{"start":{"line":5,"column":4},"end":{"line":10,"column":5}},"line":5},"2":{"name":"run","decl":{"start":{"line":12,"column":4},"end":{"line":29,"column":5}},"loc":{"start":{"line":12,"column":4},"end":{"line":29,"column":5}},"line":12}},"f":{"0":1,"1":2,"2":1}}
}
