TN:
SF:public\src\view.js
FN:2,<instance_members_initializer>
FN:7,#submitFn
FN:9,View
FN:11,initialize
FN:19,#onSubmit
FN:49,configureOnSubmit
FN:59,updateList
FN:60,template
FNF:8
FNH:7
FNDA:6,<instance_members_initializer>
FNDA:0,#submitFn
FNDA:6,View
FNDA:4,initialize
FNDA:4,#onSubmit
FNDA:3,configureOnSubmit
FNDA:2,updateList
FNDA:2,template
DA:1,1
DA:2,1
DA:3,6
DA:4,6
DA:5,6
DA:6,6
DA:7,6
DA:8,6
DA:9,6
DA:10,6
DA:11,6
DA:12,4
DA:13,4
DA:14,4
DA:15,4
DA:16,6
DA:17,6
DA:18,6
DA:19,6
DA:20,4
DA:21,4
DA:22,4
DA:23,4
DA:24,0
DA:25,0
DA:26,0
DA:27,0
DA:28,0
DA:29,0
DA:30,0
DA:31,0
DA:32,0
DA:33,0
DA:34,0
DA:35,0
DA:36,0
DA:37,0
DA:38,0
DA:39,0
DA:40,0
DA:41,0
DA:42,0
DA:43,0
DA:44,0
DA:45,4
DA:46,6
DA:47,6
DA:48,6
DA:49,6
DA:50,3
DA:51,3
DA:52,6
DA:53,6
DA:54,6
DA:55,6
DA:56,6
DA:57,6
DA:58,6
DA:59,6
DA:60,2
DA:61,2
DA:62,2
DA:63,2
DA:64,2
DA:65,2
DA:66,2
DA:67,2
DA:68,2
DA:69,2
DA:70,2
DA:71,2
DA:72,2
DA:73,2
DA:74,2
DA:75,2
DA:76,2
DA:77,6
LF:77
LH:56
BRDA:2,0,0,6
BRDA:9,1,0,6
BRDA:11,2,0,4
BRDA:19,3,0,4
BRDA:49,4,0,3
BRDA:59,5,0,2
BRDA:60,6,0,2
BRF:7
BRH:7
end_of_record
